# JRE version: OpenJDK Runtime Environment JBR-11.0.9.11-1145.21-jcef (11.0.9+11) (build 11.0.9+11-b1145.21)
# Java VM: OpenJDK 64-Bit Server VM JBR-11.0.9.11-1145.21-jcef (11.0.9+11-b1145.21, mixed mode, tiered, compressed oops, g1 gc, windows-amd64)
Heap:
 garbage-first heap   total 131072K, used 24434K [0x00000000d1200000, 0x0000000100000000)
  region size 1024K, 19 young (19456K), 0 survivors (0K)
 Metaspace       used 22323K, capacity 22912K, committed 23216K, reserved 1071104K
  class space    used 2252K, capacity 2445K, committed 2560K, reserved 1048576K
GC Heap History (8 events):
Event: 8.509 GC heap before
{Heap before GC invocations=0 (full 0):
 garbage-first heap   total 131072K, used 14336K [0x00000000d1200000, 0x0000000100000000)
  region size 1024K, 14 young (14336K), 0 survivors (0K)
 Metaspace       used 12685K, capacity 13126K, committed 13312K, reserved 1060864K
  class space    used 1300K, capacity 1477K, committed 1536K, reserved 1048576K
}
Event: 8.542 GC heap after
{Heap after GC invocations=1 (full 0):
 garbage-first heap   total 131072K, used 3267K [0x00000000d1200000, 0x0000000100000000)
  region size 1024K, 2 young (2048K), 2 survivors (2048K)
 Metaspace       used 12685K, capacity 13126K, committed 13312K, reserved 1060864K
  class space    used 1300K, capacity 1477K, committed 1536K, reserved 1048576K
}
Event: 8.869 GC heap before
{Heap before GC invocations=1 (full 0):
 garbage-first heap   total 131072K, used 9411K [0x00000000d1200000, 0x0000000100000000)
  region size 1024K, 8 young (8192K), 2 survivors (2048K)
 Metaspace       used 14454K, capacity 14923K, committed 15104K, reserved 1062912K
  class space    used 1501K, capacity 1693K, committed 1792K, reserved 1048576K
}
Event: 8.875 GC heap after
{Heap after GC invocations=2 (full 0):
 garbage-first heap   total 131072K, used 4626K [0x00000000d1200000, 0x0000000100000000)
  region size 1024K, 1 young (1024K), 1 survivors (1024K)
 Metaspace       used 14454K, capacity 14923K, committed 15104K, reserved 1062912K
  class space    used 1501K, capacity 1693K, committed 1792K, reserved 1048576K
}
Event: 11.943 GC heap before
{Heap before GC invocations=2 (full 0):
 garbage-first heap   total 131072K, used 22034K [0x00000000d1200000, 0x0000000100000000)
  region size 1024K, 19 young (19456K), 1 survivors (1024K)
 Metaspace       used 20670K, capacity 21176K, committed 21296K, reserved 1069056K
  class space    used 2164K, capacity 2374K, committed 2432K, reserved 1048576K
}
Event: 11.965 GC heap after
{Heap after GC invocations=3 (full 0):
 garbage-first heap   total 131072K, used 7056K [0x00000000d1200000, 0x0000000100000000)
  region size 1024K, 3 young (3072K), 3 survivors (3072K)
 Metaspace       used 20670K, capacity 21176K, committed 21296K, reserved 1069056K
  class space    used 2164K, capacity 2374K, committed 2432K, reserved 1048576K
}
Event: 3611.998 GC heap before
{Heap before GC invocations=4 (full 0):
 garbage-first heap   total 131072K, used 30608K [0x00000000d1200000, 0x0000000100000000)
  region size 1024K, 27 young (27648K), 3 survivors (3072K)
 Metaspace       used 21937K, capacity 22564K, committed 22960K, reserved 1069056K
  class space    used 2248K, capacity 2440K, committed 2560K, reserved 1048576K
}
Event: 3612.044 GC heap after
{Heap after GC invocations=5 (full 1):
 garbage-first heap   total 131072K, used 7026K [0x00000000d1200000, 0x0000000100000000)
  region size 1024K, 0 young (0K), 0 survivors (0K)
 Metaspace       used 21937K, capacity 22564K, committed 22960K, reserved 1069056K
  class space    used 2248K, capacity 2440K, committed 2560K, reserved 1048576K
}

